c:\users\michael\onedrive\desktop\attempt1sln\attempt1pr\x64\debug\vc143.pdb
c:\users\michael\onedrive\desktop\attempt1sln\attempt1pr\x64\debug\vc143.idb
c:\users\michael\onedrive\desktop\attempt1sln\attempt1pr\x64\debug\main.obj
c:\users\michael\onedrive\desktop\attempt1sln\attempt1pr\x64\debug\graphics.obj
c:\users\michael\onedrive\desktop\attempt1sln\attempt1pr\x64\debug\input.obj
c:\users\michael\onedrive\desktop\attempt1sln\attempt1pr\x64\debug\game.obj
c:\users\michael\onedrive\desktop\attempt1sln\attempt1pr\x64\debug\sprite.obj
c:\users\michael\onedrive\desktop\attempt1sln\attempt1pr\x64\debug\animatedsprite.obj
c:\users\michael\onedrive\desktop\attempt1sln\attempt1pr\x64\debug\player.obj
c:\users\michael\onedrive\desktop\attempt1sln\attempt1pr\x64\debug\tile.obj
c:\users\michael\onedrive\desktop\attempt1sln\attempt1pr\x64\debug\level.obj
c:\users\michael\onedrive\desktop\attempt1sln\attempt1pr\x64\debug\tinyxml2.obj
c:\users\michael\onedrive\desktop\supmar01\attempt1pr\x64\debug\vc143.pdb
c:\users\michael\onedrive\desktop\supmar01\attempt1pr\x64\debug\vc143.idb
c:\users\michael\onedrive\desktop\supmar01\attempt1pr\x64\debug\tinyxml2.obj
c:\users\michael\onedrive\desktop\supmar01\attempt1pr\x64\debug\tile.obj
c:\users\michael\onedrive\desktop\supmar01\attempt1pr\x64\debug\sprite.obj
c:\users\michael\onedrive\desktop\supmar01\attempt1pr\x64\debug\player.obj
c:\users\michael\onedrive\desktop\supmar01\attempt1pr\x64\debug\main.obj
c:\users\michael\onedrive\desktop\supmar01\attempt1pr\x64\debug\level.obj
c:\users\michael\onedrive\desktop\supmar01\attempt1pr\x64\debug\input.obj
c:\users\michael\onedrive\desktop\supmar01\attempt1pr\x64\debug\graphics.obj
c:\users\michael\onedrive\desktop\supmar01\attempt1pr\x64\debug\game.obj
c:\users\michael\onedrive\desktop\supmar01\attempt1pr\x64\debug\animatedsprite.obj
c:\users\michael\onedrive\desktop\attempt1sln\x64\debug\attempt1pr.exe
c:\users\michael\onedrive\desktop\attempt1sln\attempt1pr\x64\debug\attempt1pr.ilk
c:\users\michael\onedrive\desktop\attempt1sln\x64\debug\attempt1pr.pdb
c:\users\michael\onedrive\desktop\supmar01\x64\debug\attempt1pr.exe
c:\users\michael\onedrive\desktop\supmar01\attempt1pr\x64\debug\attempt1pr.ilk
c:\users\michael\onedrive\desktop\supmar01\x64\debug\attempt1pr.pdb
c:\users\michael\onedrive\desktop\supmar01\attempt1pr\x64\debug\attempt1pr.tlog\cl.command.1.tlog
c:\users\michael\onedrive\desktop\supmar01\attempt1pr\x64\debug\attempt1pr.tlog\cl.read.1.tlog
c:\users\michael\onedrive\desktop\supmar01\attempt1pr\x64\debug\attempt1pr.tlog\cl.write.1.tlog
c:\users\michael\onedrive\desktop\supmar01\attempt1pr\x64\debug\attempt1pr.tlog\link.command.1.tlog
c:\users\michael\onedrive\desktop\supmar01\attempt1pr\x64\debug\attempt1pr.tlog\link.read.1.tlog
c:\users\michael\onedrive\desktop\supmar01\attempt1pr\x64\debug\attempt1pr.tlog\link.write.1.tlog
