c:\users\michael\onedrive\desktop\supmar01\attempt1pr\x64\debug\vc143.pdb
c:\users\michael\onedrive\desktop\supmar01\attempt1pr\x64\debug\vc143.idb
c:\users\michael\onedrive\desktop\supmar01\attempt1pr\x64\debug\tinyxml2.obj
c:\users\michael\onedrive\desktop\supmar01\attempt1pr\x64\debug\tile.obj
c:\users\michael\onedrive\desktop\supmar01\attempt1pr\x64\debug\sprite.obj
c:\users\michael\onedrive\desktop\supmar01\attempt1pr\x64\debug\player.obj
c:\users\michael\onedrive\desktop\supmar01\attempt1pr\x64\debug\main.obj
c:\users\michael\onedrive\desktop\supmar01\attempt1pr\x64\debug\level.obj
c:\users\michael\onedrive\desktop\supmar01\attempt1pr\x64\debug\input.obj
c:\users\michael\onedrive\desktop\supmar01\attempt1pr\x64\debug\graphics.obj
c:\users\michael\onedrive\desktop\supmar01\attempt1pr\x64\debug\game.obj
c:\users\michael\onedrive\desktop\supmar01\attempt1pr\x64\debug\animatedsprite.obj
c:\users\michael\onedrive\desktop\supmar01\attempt1pr\x64\debug\items.obj
c:\users\michael\onedrive\desktop\supmar01\x64\debug\supermario.exe
c:\users\michael\onedrive\desktop\supmar01\attempt1pr\x64\debug\supermario.ilk
c:\users\michael\onedrive\desktop\supmar01\x64\debug\supermario.pdb
c:\users\michael\onedrive\desktop\supmar01\attempt1pr\x64\debug\attempt1pr.ilk
c:\users\michael\onedrive\desktop\supmar01\attempt1pr\x64\debug\supermario.tlog\cl.command.1.tlog
c:\users\michael\onedrive\desktop\supmar01\attempt1pr\x64\debug\supermario.tlog\cl.read.1.tlog
c:\users\michael\onedrive\desktop\supmar01\attempt1pr\x64\debug\supermario.tlog\cl.write.1.tlog
c:\users\michael\onedrive\desktop\supmar01\attempt1pr\x64\debug\supermario.tlog\link.command.1.tlog
c:\users\michael\onedrive\desktop\supmar01\attempt1pr\x64\debug\supermario.tlog\link.read.1.tlog
c:\users\michael\onedrive\desktop\supmar01\attempt1pr\x64\debug\supermario.tlog\link.write.1.tlog
